<?xml version="1.0" encoding="UTF-8"?>
<!-- Generated by org.testng.reporters.JUnitXMLReporter -->
<testsuite ignored="0" hostname="LAPTOP-0JHBB3KD" failures="0" tests="6" name="Test" time="37.047" errors="0" timestamp="2024-07-10T19:16:42 IST">
  <testcase classname="testCases.Tc_001_HomePageAndAccRgistrationTest" name="verifyingHomePage" time="2.427"/>
  <testcase classname="testCases.TC_002_LogInTest" name="LogInTest" time="2.376"/>
  <testcase classname="testCases.TC_004_ForgetPassword" name="verify_forgetpassword_functionality" time="1.991"/>
  <testcase classname="testCases.TC_005_SearchFunctionality" name="verify_SearchFunctionality" time="1.519"/>
  <testcase classname="testCases.TC_006_EmptyShoppinCartTest" name="verify_EmptyShoppingFunctionality" time="0.582"/>
  <testcase classname="testCases.TC_007_ShoppingCartTest" name="verify_ShoppingFunctionality" time="2.03"/>
</testsuite> <!-- Test -->
