<?xml version="1.0" encoding="UTF-8"?>
<testng-results ignored="0" total="2" passed="2" failed="0" skipped="0">
  <reporter-output>
  </reporter-output>
  <suite started-at="2024-05-17T21:08:02 IST" name="Suite" finished-at="2024-05-17T21:08:20 IST" duration-ms="17839">
    <groups>
      <group name="regression">
        <method signature="Tc_001_HomePageAndAccRgistrationTest.verifyingHomePage()[pri:0, instance:testCases.Tc_001_HomePageAndAccRgistrationTest@17f62e33]" name="verifyingHomePage" class="testCases.Tc_001_HomePageAndAccRgistrationTest"/>
      </group> <!-- regression -->
      <group name="sanity">
        <method signature="TC_002_LogInTest.LogInTest()[pri:0, instance:testCases.TC_002_LogInTest@543295b0]" name="LogInTest" class="testCases.TC_002_LogInTest"/>
      </group> <!-- sanity -->
      <group name="master">
        <method signature="TC_002_LogInTest.LogInTest()[pri:0, instance:testCases.TC_002_LogInTest@543295b0]" name="LogInTest" class="testCases.TC_002_LogInTest"/>
        <method signature="Tc_001_HomePageAndAccRgistrationTest.verifyingHomePage()[pri:0, instance:testCases.Tc_001_HomePageAndAccRgistrationTest@17f62e33]" name="verifyingHomePage" class="testCases.Tc_001_HomePageAndAccRgistrationTest"/>
      </group> <!-- master -->
    </groups>
    <test started-at="2024-05-17T21:08:02 IST" name="Test" finished-at="2024-05-17T21:08:20 IST" duration-ms="17839">
      <class name="testCases.Tc_001_HomePageAndAccRgistrationTest">
        <test-method is-config="true" signature="setup(java.lang.String,java.lang.String)[pri:0, instance:testCases.Tc_001_HomePageAndAccRgistrationTest@17f62e33]" started-at="2024-05-17T21:08:02 IST" name="setup" finished-at="2024-05-17T21:08:09 IST" duration-ms="6293" status="PASS">
          <params>
            <param index="0">
              <value>
                <![CDATA[windows]]>
              </value>
            </param>
            <param index="1">
              <value>
                <![CDATA[chrome]]>
              </value>
            </param>
          </params>
          <reporter-output>
          </reporter-output>
        </test-method> <!-- setup -->
        <test-method signature="verifyingHomePage()[pri:0, instance:testCases.Tc_001_HomePageAndAccRgistrationTest@17f62e33]" started-at="2024-05-17T21:08:09 IST" name="verifyingHomePage" finished-at="2024-05-17T21:08:12 IST" duration-ms="2970" status="PASS">
          <reporter-output>
          </reporter-output>
        </test-method> <!-- verifyingHomePage -->
        <test-method is-config="true" signature="tearDown()[pri:0, instance:testCases.Tc_001_HomePageAndAccRgistrationTest@17f62e33]" started-at="2024-05-17T21:08:12 IST" name="tearDown" finished-at="2024-05-17T21:08:12 IST" duration-ms="238" status="PASS">
          <reporter-output>
          </reporter-output>
        </test-method> <!-- tearDown -->
      </class> <!-- testCases.Tc_001_HomePageAndAccRgistrationTest -->
      <class name="testCases.TC_002_LogInTest">
        <test-method is-config="true" signature="setup(java.lang.String,java.lang.String)[pri:0, instance:testCases.TC_002_LogInTest@543295b0]" started-at="2024-05-17T21:08:12 IST" name="setup" finished-at="2024-05-17T21:08:17 IST" duration-ms="5284" status="PASS">
          <params>
            <param index="0">
              <value>
                <![CDATA[windows]]>
              </value>
            </param>
            <param index="1">
              <value>
                <![CDATA[chrome]]>
              </value>
            </param>
          </params>
          <reporter-output>
          </reporter-output>
        </test-method> <!-- setup -->
        <test-method signature="LogInTest()[pri:0, instance:testCases.TC_002_LogInTest@543295b0]" started-at="2024-05-17T21:08:17 IST" name="LogInTest" finished-at="2024-05-17T21:08:20 IST" duration-ms="2469" status="PASS">
          <reporter-output>
          </reporter-output>
        </test-method> <!-- LogInTest -->
        <test-method is-config="true" signature="tearDown()[pri:0, instance:testCases.TC_002_LogInTest@543295b0]" started-at="2024-05-17T21:08:20 IST" name="tearDown" finished-at="2024-05-17T21:08:20 IST" duration-ms="189" status="PASS">
          <reporter-output>
          </reporter-output>
        </test-method> <!-- tearDown -->
      </class> <!-- testCases.TC_002_LogInTest -->
    </test> <!-- Test -->
  </suite> <!-- Suite -->
</testng-results>
